INFO:     Will watch for changes in these directories: ['/Users/karryz/Documents/Website/SNS_web_corsur/backend']
INFO:     Uvicorn running on http://0.0.0.0:8081 (Press CTRL+C to quit)
INFO:     Started reloader process [99608] using StatReload
2025-02-14 14:30:02,303 - main - INFO - 环境变量:
2025-02-14 14:30:02,303 - main - INFO - APIFY_API_TOKEN: 
2025-02-14 14:30:02,304 - main - INFO - APIFY_INSTAGRAM_ACTOR: apify/instagram-profile-scraper
Process SpawnProcess-1:
Traceback (most recent call last):
  File "/opt/anaconda3/lib/python3.11/multiprocessing/process.py", line 314, in _bootstrap
    self.run()
  File "/opt/anaconda3/lib/python3.11/multiprocessing/process.py", line 108, in run
    self._target(*self._args, **self._kwargs)
  File "/opt/anaconda3/lib/python3.11/site-packages/uvicorn/_subprocess.py", line 80, in subprocess_started
    target(sockets=sockets)
  File "/opt/anaconda3/lib/python3.11/site-packages/uvicorn/server.py", line 66, in run
    return asyncio.run(self.serve(sockets=sockets))
           ^^^^^^^^^^^^^^^^^^^^^^^^^^^^^^^^^^^^^^^^
  File "/opt/anaconda3/lib/python3.11/asyncio/runners.py", line 190, in run
    return runner.run(main)
           ^^^^^^^^^^^^^^^^
  File "/opt/anaconda3/lib/python3.11/asyncio/runners.py", line 118, in run
    return self._loop.run_until_complete(task)
           ^^^^^^^^^^^^^^^^^^^^^^^^^^^^^^^^^^^
  File "/opt/anaconda3/lib/python3.11/asyncio/base_events.py", line 653, in run_until_complete
    return future.result()
           ^^^^^^^^^^^^^^^
  File "/opt/anaconda3/lib/python3.11/site-packages/uvicorn/server.py", line 70, in serve
    await self._serve(sockets)
  File "/opt/anaconda3/lib/python3.11/site-packages/uvicorn/server.py", line 77, in _serve
    config.load()
  File "/opt/anaconda3/lib/python3.11/site-packages/uvicorn/config.py", line 435, in load
    self.loaded_app = import_from_string(self.app)
                      ^^^^^^^^^^^^^^^^^^^^^^^^^^^^
  File "/opt/anaconda3/lib/python3.11/site-packages/uvicorn/importer.py", line 19, in import_from_string
    module = importlib.import_module(module_str)
             ^^^^^^^^^^^^^^^^^^^^^^^^^^^^^^^^^^^
  File "/opt/anaconda3/lib/python3.11/importlib/__init__.py", line 126, in import_module
    return _bootstrap._gcd_import(name[level:], package, level)
           ^^^^^^^^^^^^^^^^^^^^^^^^^^^^^^^^^^^^^^^^^^^^^^^^^^^^
  File "<frozen importlib._bootstrap>", line 1204, in _gcd_import
  File "<frozen importlib._bootstrap>", line 1176, in _find_and_load
  File "<frozen importlib._bootstrap>", line 1147, in _find_and_load_unlocked
  File "<frozen importlib._bootstrap>", line 690, in _load_unlocked
  File "<frozen importlib._bootstrap_external>", line 940, in exec_module
  File "<frozen importlib._bootstrap>", line 241, in _call_with_frames_removed
  File "/Users/karryz/Documents/Website/SNS_web_corsur/backend/main.py", line 41, in <module>
    from api import users, user_groups, messages, search_tasks, templates, proxy, dashboard, configs
  File "/Users/karryz/Documents/Website/SNS_web_corsur/backend/api/__init__.py", line 4, in <module>
    from . import messages
  File "/Users/karryz/Documents/Website/SNS_web_corsur/backend/api/messages.py", line 10, in <module>
    from schemas.message_tasks import MessageTaskCreate, MessageTaskResponse, MessageTaskSettings
  File "/Users/karryz/Documents/Website/SNS_web_corsur/backend/schemas/message_tasks.py", line 3, in <module>
    from pydantic import field_validator, model_validator
ImportError: cannot import name 'field_validator' from 'pydantic' (/opt/anaconda3/lib/python3.11/site-packages/pydantic/__init__.cpython-311-darwin.so)
